# JRE version: OpenJDK Runtime Environment (8.0_144-b01) (build 1.8.0_144-b01)
# Java VM: OpenJDK 64-Bit Server VM (25.144-b01 mixed mode linux-amd64 compressed oops)
Heap:
 PSYoungGen      total 197632K, used 32K [0x00000000ec200000, 0x00000000f8400000, 0x0000000100000000)
  eden space 196608K, 0% used [0x00000000ec200000,0x00000000ec200000,0x00000000f8200000)
  from space 1024K, 3% used [0x00000000f8200000,0x00000000f8208000,0x00000000f8300000)
  to   space 1024K, 0% used [0x00000000f8300000,0x00000000f8300000,0x00000000f8400000)
 ParOldGen       total 40960K, used 496K [0x00000000c4600000, 0x00000000c6e00000, 0x00000000ec200000)
  object space 40960K, 1% used [0x00000000c4600000,0x00000000c467c0b0,0x00000000c6e00000)
 Metaspace       used 3570K, capacity 4530K, committed 4864K, reserved 1056768K
  class space    used 395K, capacity 426K, committed 512K, reserved 1048576K
GC Heap History (10 events):
Event: 4859.750 GC heap after
Heap after GC invocations=6 (full 0):
 PSYoungGen      total 62464K, used 528K [0x00000000ec200000, 0x00000000f0000000, 0x0000000100000000)
  eden space 61440K, 0% used [0x00000000ec200000,0x00000000ec200000,0x00000000efe00000)
  from space 1024K, 51% used [0x00000000eff00000,0x00000000eff84010,0x00000000f0000000)
  to   space 1024K, 0% used [0x00000000efe00000,0x00000000efe00000,0x00000000eff00000)
 ParOldGen       total 40960K, used 24K [0x00000000c4600000, 0x00000000c6e00000, 0x00000000ec200000)
  object space 40960K, 0% used [0x00000000c4600000,0x00000000c4606000,0x00000000c6e00000)
 Metaspace       used 3570K, capacity 4530K, committed 4864K, reserved 1056768K
  class space    used 395K, capacity 426K, committed 512K, reserved 1048576K
}
Event: 4859.786 GC heap before
{Heap before GC invocations=7 (full 0):
 PSYoungGen      total 62464K, used 61968K [0x00000000ec200000, 0x00000000f0000000, 0x0000000100000000)
  eden space 61440K, 100% used [0x00000000ec200000,0x00000000efe00000,0x00000000efe00000)
  from space 1024K, 51% used [0x00000000eff00000,0x00000000eff84010,0x00000000f0000000)
  to   space 1024K, 0% used [0x00000000efe00000,0x00000000efe00000,0x00000000eff00000)
 ParOldGen       total 40960K, used 24K [0x00000000c4600000, 0x00000000c6e00000, 0x00000000ec200000)
  object space 40960K, 0% used [0x00000000c4600000,0x00000000c4606000,0x00000000c6e00000)
 Metaspace       used 3570K, capacity 4530K, committed 4864K, reserved 1056768K
  class space    used 395K, capacity 426K, committed 512K, reserved 1048576K
Event: 4859.787 GC heap after
Heap after GC invocations=7 (full 0):
 PSYoungGen      total 62464K, used 64K [0x00000000ec200000, 0x00000000f3c00000, 0x0000000100000000)
  eden space 61440K, 0% used [0x00000000ec200000,0x00000000ec200000,0x00000000efe00000)
  from space 1024K, 6% used [0x00000000efe00000,0x00000000efe10000,0x00000000eff00000)
  to   space 1024K, 0% used [0x00000000f3b00000,0x00000000f3b00000,0x00000000f3c00000)
 ParOldGen       total 40960K, used 496K [0x00000000c4600000, 0x00000000c6e00000, 0x00000000ec200000)
  object space 40960K, 1% used [0x00000000c4600000,0x00000000c467c0b0,0x00000000c6e00000)
 Metaspace       used 3570K, capacity 4530K, committed 4864K, reserved 1056768K
  class space    used 395K, capacity 426K, committed 512K, reserved 1048576K
}
Event: 4859.814 GC heap before
{Heap before GC invocations=8 (full 0):
 PSYoungGen      total 62464K, used 61504K [0x00000000ec200000, 0x00000000f3c00000, 0x0000000100000000)
  eden space 61440K, 100% used [0x00000000ec200000,0x00000000efe00000,0x00000000efe00000)
  from space 1024K, 6% used [0x00000000efe00000,0x00000000efe10000,0x00000000eff00000)
  to   space 1024K, 0% used [0x00000000f3b00000,0x00000000f3b00000,0x00000000f3c00000)
 ParOldGen       total 40960K, used 496K [0x00000000c4600000, 0x00000000c6e00000, 0x00000000ec200000)
  object space 40960K, 1% used [0x00000000c4600000,0x00000000c467c0b0,0x00000000c6e00000)
 Metaspace       used 3570K, capacity 4530K, committed 4864K, reserved 1056768K
  class space    used 395K, capacity 426K, committed 512K, reserved 1048576K
Event: 4859.816 GC heap after
Heap after GC invocations=8 (full 0):
 PSYoungGen      total 123904K, used 32K [0x00000000ec200000, 0x00000000f3c00000, 0x0000000100000000)
  eden space 122880K, 0% used [0x00000000ec200000,0x00000000ec200000,0x00000000f3a00000)
  from space 1024K, 3% used [0x00000000f3b00000,0x00000000f3b08000,0x00000000f3c00000)
  to   space 1024K, 0% used [0x00000000f3a00000,0x00000000f3a00000,0x00000000f3b00000)
 ParOldGen       total 40960K, used 496K [0x00000000c4600000, 0x00000000c6e00000, 0x00000000ec200000)
  object space 40960K, 1% used [0x00000000c4600000,0x00000000c467c0b0,0x00000000c6e00000)
 Metaspace       used 3570K, capacity 4530K, committed 4864K, reserved 1056768K
  class space    used 395K, capacity 426K, committed 512K, reserved 1048576K
}
Event: 4859.887 GC heap before
{Heap before GC invocations=9 (full 0):
 PSYoungGen      total 123904K, used 122912K [0x00000000ec200000, 0x00000000f3c00000, 0x0000000100000000)
  eden space 122880K, 100% used [0x00000000ec200000,0x00000000f3a00000,0x00000000f3a00000)
  from space 1024K, 3% used [0x00000000f3b00000,0x00000000f3b08000,0x00000000f3c00000)
  to   space 1024K, 0% used [0x00000000f3a00000,0x00000000f3a00000,0x00000000f3b00000)
 ParOldGen       total 40960K, used 496K [0x00000000c4600000, 0x00000000c6e00000, 0x00000000ec200000)
  object space 40960K, 1% used [0x00000000c4600000,0x00000000c467c0b0,0x00000000c6e00000)
 Metaspace       used 3570K, capacity 4530K, committed 4864K, reserved 1056768K
  class space    used 395K, capacity 426K, committed 512K, reserved 1048576K
Event: 4859.887 GC heap after
Heap after GC invocations=9 (full 0):
 PSYoungGen      total 123904K, used 32K [0x00000000ec200000, 0x00000000f8400000, 0x0000000100000000)
  eden space 122880K, 0% used [0x00000000ec200000,0x00000000ec200000,0x00000000f3a00000)
  from space 1024K, 3% used [0x00000000f3a00000,0x00000000f3a08000,0x00000000f3b00000)
  to   space 1024K, 0% used [0x00000000f8300000,0x00000000f8300000,0x00000000f8400000)
 ParOldGen       total 40960K, used 496K [0x00000000c4600000, 0x00000000c6e00000, 0x00000000ec200000)
  object space 40960K, 1% used [0x00000000c4600000,0x00000000c467c0b0,0x00000000c6e00000)
 Metaspace       used 3570K, capacity 4530K, committed 4864K, reserved 1056768K
  class space    used 395K, capacity 426K, committed 512K, reserved 1048576K
}
Event: 4859.956 GC heap before
{Heap before GC invocations=10 (full 0):
 PSYoungGen      total 123904K, used 122912K [0x00000000ec200000, 0x00000000f8400000, 0x0000000100000000)
  eden space 122880K, 100% used [0x00000000ec200000,0x00000000f3a00000,0x00000000f3a00000)
  from space 1024K, 3% used [0x00000000f3a00000,0x00000000f3a08000,0x00000000f3b00000)
  to   space 1024K, 0% used [0x00000000f8300000,0x00000000f8300000,0x00000000f8400000)
 ParOldGen       total 40960K, used 496K [0x00000000c4600000, 0x00000000c6e00000, 0x00000000ec200000)
  object space 40960K, 1% used [0x00000000c4600000,0x00000000c467c0b0,0x00000000c6e00000)
 Metaspace       used 3570K, capacity 4530K, committed 4864K, reserved 1056768K
  class space    used 395K, capacity 426K, committed 512K, reserved 1048576K
Event: 4859.957 GC heap after
Heap after GC invocations=10 (full 0):
 PSYoungGen      total 197632K, used 32K [0x00000000ec200000, 0x00000000f8400000, 0x0000000100000000)
  eden space 196608K, 0% used [0x00000000ec200000,0x00000000ec200000,0x00000000f8200000)
  from space 1024K, 3% used [0x00000000f8300000,0x00000000f8308000,0x00000000f8400000)
  to   space 1024K, 0% used [0x00000000f8200000,0x00000000f8200000,0x00000000f8300000)
 ParOldGen       total 40960K, used 496K [0x00000000c4600000, 0x00000000c6e00000, 0x00000000ec200000)
  object space 40960K, 1% used [0x00000000c4600000,0x00000000c467c0b0,0x00000000c6e00000)
 Metaspace       used 3570K, capacity 4530K, committed 4864K, reserved 1056768K
  class space    used 395K, capacity 426K, committed 512K, reserved 1048576K
}
Event: 4860.099 GC heap before
{Heap before GC invocations=11 (full 0):
 PSYoungGen      total 197632K, used 196640K [0x00000000ec200000, 0x00000000f8400000, 0x0000000100000000)
  eden space 196608K, 100% used [0x00000000ec200000,0x00000000f8200000,0x00000000f8200000)
  from space 1024K, 3% used [0x00000000f8300000,0x00000000f8308000,0x00000000f8400000)
  to   space 1024K, 0% used [0x00000000f8200000,0x00000000f8200000,0x00000000f8300000)
 ParOldGen       total 40960K, used 496K [0x00000000c4600000, 0x00000000c6e00000, 0x00000000ec200000)
  object space 40960K, 1% used [0x00000000c4600000,0x00000000c467c0b0,0x00000000c6e00000)
 Metaspace       used 3570K, capacity 4530K, committed 4864K, reserved 1056768K
  class space    used 395K, capacity 426K, committed 512K, reserved 1048576K

